f:\study\codegame\fg\firstgame\firstgame\debug\vc143.pdb
f:\study\codegame\fg\firstgame\firstgame\debug\vc143.idb
f:\study\codegame\fg\firstgame\firstgame\debug\main.obj
f:\study\codegame\fg\firstgame\debug\d3dcompiler_43.dll
f:\study\codegame\fg\firstgame\debug\d3dx9d_43.dll
f:\study\codegame\fg\firstgame\debug\d3dx10d_43.dll
f:\study\codegame\fg\firstgame\debug\d3dx11d_43.dll
f:\study\codegame\fg\firstgame\firstgame\debug\firstgame.ilk
f:\study\codegame\fg\firstgame\debug\firstgame.exe
f:\study\codegame\fg\firstgame\debug\firstgame.pdb
f:\study\codegame\fg\firstgame\firstgame\debug\firstgame.res
f:\study\codegame\fg\firstgame\firstgame\debug\firstgame.tlog\cl.command.1.tlog
f:\study\codegame\fg\firstgame\firstgame\debug\firstgame.tlog\cl.read.1.tlog
f:\study\codegame\fg\firstgame\firstgame\debug\firstgame.tlog\cl.write.1.tlog
f:\study\codegame\fg\firstgame\firstgame\debug\firstgame.tlog\copylocal.read.1u.tlog
f:\study\codegame\fg\firstgame\firstgame\debug\firstgame.tlog\copylocal.write.1u.tlog
f:\study\codegame\fg\firstgame\firstgame\debug\firstgame.tlog\link.command.1.tlog
f:\study\codegame\fg\firstgame\firstgame\debug\firstgame.tlog\link.read.1.tlog
f:\study\codegame\fg\firstgame\firstgame\debug\firstgame.tlog\link.write.1.tlog
f:\study\codegame\fg\firstgame\firstgame\debug\firstgame.tlog\rc.command.1.tlog
f:\study\codegame\fg\firstgame\firstgame\debug\firstgame.tlog\rc.read.1.tlog
f:\study\codegame\fg\firstgame\firstgame\debug\firstgame.tlog\rc.write.1.tlog
